Using pre-set license
Built from '2020.2/staging' branch; Version is '2020.2.3f1 (8ff31bc5bf5b) revision 9433883'; Using compiler version '192528614'; Build Type 'Release'
OS: 'Windows 10 Home; OS build 18363.1440; Version 1909; 64bit' Language: 'zh' Physical Memory: 8047 MB
BatchMode: 1, IsHumanControllingUs: 0, StartBugReporterOnCrash: 0, Is64bit: 1, IsPro: 0

 COMMAND LINE ARGUMENTS:
D:\Program Files\2020.2.3f1\Editor\Unity.exe
-adb2
-batchMode
-noUpm
-name
AssetImportWorker0
-projectPath
D:/GBC/MOBILE GAME DEVELOPMENT II/GAME3004-W2021-Lab6
-logFile
Logs/AssetImportWorker0.log
-srvPort
53239
Successfully changed project path to: D:/GBC/MOBILE GAME DEVELOPMENT II/GAME3004-W2021-Lab6
D:/GBC/MOBILE GAME DEVELOPMENT II/GAME3004-W2021-Lab6
Using Asset Import Pipeline V2.
Refreshing native plugins compatible for Editor in 31.13 ms, found 0 plugins.
Preloading 0 native plugins for Editor in 0.00 ms.
Initialize engine version: 2020.2.3f1 (8ff31bc5bf5b)
[Subsystems] Discovering subsystems at path D:/Program Files/2020.2.3f1/Editor/Data/Resources/UnitySubsystems
[Subsystems] Discovering subsystems at path D:/GBC/MOBILE GAME DEVELOPMENT II/GAME3004-W2021-Lab6/Assets
GfxDevice: creating device client; threaded=0
Direct3D:
    Version:  Direct3D 11.0 [level 11.1]
    Renderer: NVIDIA GeForce GTX 1050 (ID=0x1c8d)
    Vendor:   
    VRAM:     1979 MB
    Driver:   26.21.14.4587
Initialize mono
Mono path[0] = 'D:/Program Files/2020.2.3f1/Editor/Data/Managed'
Mono path[1] = 'D:/Program Files/2020.2.3f1/Editor/Data/MonoBleedingEdge/lib/mono/unityjit'
Mono config path = 'D:/Program Files/2020.2.3f1/Editor/Data/MonoBleedingEdge/etc'
Using monoOptions --debugger-agent=transport=dt_socket,embedding=1,server=y,suspend=n,address=127.0.0.1:56404
Begin MonoManager ReloadAssembly
Registering precompiled unity dll's ...
Register platform support module: D:/Program Files/2020.2.3f1/Editor/Data/PlaybackEngines/WebGLSupport/UnityEditor.WebGL.Extensions.dll
Register platform support module: D:/Program Files/2020.2.3f1/Editor/Data/PlaybackEngines/WindowsStandaloneSupport/UnityEditor.WindowsStandalone.Extensions.dll
Registered in 0.001903 seconds.
Native extension for WindowsStandalone target not found
Native extension for WebGL target not found
Refreshing native plugins compatible for Editor in 31.05 ms, found 0 plugins.
Preloading 0 native plugins for Editor in 0.00 ms.
Invoked RoslynAnalysisRunner static constructor.
RoslynAnalysisRunner will not be running.
RoslynAnalysisRunner has terminated.
Mono: successfully reloaded assembly
- Completed reload, in  1.693 seconds
Platform modules already initialized, skipping
Registering precompiled user dll's ...
Registered in 0.000483 seconds.
Begin MonoManager ReloadAssembly
Native extension for WindowsStandalone target not found
Native extension for WebGL target not found
Refreshing native plugins compatible for Editor in 0.20 ms, found 0 plugins.
Preloading 0 native plugins for Editor in 0.00 ms.
Invoked RoslynAnalysisRunner static constructor.
RoslynAnalysisRunner will not be running.
RoslynAnalysisRunner has terminated.
Mono: successfully reloaded assembly
- Completed reload, in  0.975 seconds
Platform modules already initialized, skipping
========================================================================
Worker process is ready to serve import requests
Launched and connected shader compiler UnityShaderCompiler.exe after 0.08 seconds
Refreshing native plugins compatible for Editor in 0.45 ms, found 0 plugins.
Preloading 0 native plugins for Editor in 0.00 ms.
Unloading 1170 Unused Serialized files (Serialized files now loaded: 0)
System memory in use before: 65.0 MB.
System memory in use after: 65.1 MB.

Unloading 9 unused Assets to reduce memory usage. Loaded Objects now: 1613.
Total: 3.389200 ms (FindLiveObjects: 0.301600 ms CreateObjectMapping: 0.182000 ms MarkObjects: 2.739200 ms  DeleteObjects: 0.164300 ms)

========================================================================
Received Import Request.
  path: Assets/Textures
  artifactKey: Guid(b4cb8d74d831a694f8480829a073cc82) Importer(815301076,1909f56bfc062723c751e8b465ee728b)
Start importing Assets/Textures using Guid(b4cb8d74d831a694f8480829a073cc82) Importer(815301076,1909f56bfc062723c751e8b465ee728b)  -> (artifact id: 'a5f67943d999103f4f9dfe3144a04d5d') in 0.005310 seconds
  Import took 0.008243 seconds .

========================================================================
Received Import Request.
  Time since last request: 0.000270 seconds.
  path: Assets/Shaders
  artifactKey: Guid(56c57780a545ee841bd6237986d4ef72) Importer(815301076,1909f56bfc062723c751e8b465ee728b)
Start importing Assets/Shaders using Guid(56c57780a545ee841bd6237986d4ef72) Importer(815301076,1909f56bfc062723c751e8b465ee728b)  -> (artifact id: '60ea9c23c05c1528a384a5b28f370475') in 0.003018 seconds
  Import took 0.006735 seconds .

========================================================================
Received Import Request.
  Time since last request: 0.000278 seconds.
  path: Assets/Models
  artifactKey: Guid(2a189f5e2faa7aa43a9c5b55bcbf3c4f) Importer(815301076,1909f56bfc062723c751e8b465ee728b)
Start importing Assets/Models using Guid(2a189f5e2faa7aa43a9c5b55bcbf3c4f) Importer(815301076,1909f56bfc062723c751e8b465ee728b)  -> (artifact id: 'd6bce26d3e017a3546597b625da0fc97') in 0.002623 seconds
  Import took 0.005786 seconds .

========================================================================
Received Import Request.
  Time since last request: 0.613411 seconds.
  path: Assets/_Scenes
  artifactKey: Guid(9d552fd57745f5e44b46909ccb51378f) Importer(815301076,1909f56bfc062723c751e8b465ee728b)
Start importing Assets/_Scenes using Guid(9d552fd57745f5e44b46909ccb51378f) Importer(815301076,1909f56bfc062723c751e8b465ee728b)  -> (artifact id: '466c5061d883554598455d595e20a1ec') in 0.002598 seconds
  Import took 0.005266 seconds .

========================================================================
Received Import Request.
  Time since last request: 1.385293 seconds.
  path: Assets/_Scenes/Start.unity
  artifactKey: Guid(669340cd01af9cd498320841cc01cabc) Importer(815301076,1909f56bfc062723c751e8b465ee728b)
Start importing Assets/_Scenes/Start.unity using Guid(669340cd01af9cd498320841cc01cabc) Importer(815301076,1909f56bfc062723c751e8b465ee728b)  -> (artifact id: '49c061c72cd1f2dbb38268f03695e006') in 0.049161 seconds
  Import took 0.051981 seconds .

========================================================================
Received Import Request.
  Time since last request: 1.751419 seconds.
  path: Assets/_Scenes/Main.unity
  artifactKey: Guid(9fc0d4010bbf28b4594072e72b8655ab) Importer(815301076,1909f56bfc062723c751e8b465ee728b)
Start importing Assets/_Scenes/Main.unity using Guid(9fc0d4010bbf28b4594072e72b8655ab) Importer(815301076,1909f56bfc062723c751e8b465ee728b)  -> (artifact id: 'f9dcd8e0e937dad745b199dfcdeb6263') in 0.004291 seconds
  Import took 0.007337 seconds .

========================================================================
Received Prepare
Registering precompiled user dll's ...
Registered in 0.000848 seconds.
Begin MonoManager ReloadAssembly
Native extension for WindowsStandalone target not found
Native extension for WebGL target not found
Refreshing native plugins compatible for Editor in 0.55 ms, found 0 plugins.
Preloading 0 native plugins for Editor in 0.00 ms.
Invoked RoslynAnalysisRunner static constructor.
RoslynAnalysisRunner will not be running.
RoslynAnalysisRunner has terminated.
Mono: successfully reloaded assembly
- Completed reload, in  1.517 seconds
Platform modules already initialized, skipping
Refreshing native plugins compatible for Editor in 0.47 ms, found 0 plugins.
Preloading 0 native plugins for Editor in 0.00 ms.
Unloading 1162 Unused Serialized files (Serialized files now loaded: 0)
System memory in use before: 64.7 MB.
System memory in use after: 64.8 MB.

Unloading 4 unused Assets to reduce memory usage. Loaded Objects now: 1615.
Total: 5.474400 ms (FindLiveObjects: 0.385800 ms CreateObjectMapping: 0.132500 ms MarkObjects: 4.830200 ms  DeleteObjects: 0.122100 ms)

========================================================================
Received Prepare
Registering precompiled user dll's ...
Registered in 0.000813 seconds.
Begin MonoManager ReloadAssembly
Native extension for WindowsStandalone target not found
Native extension for WebGL target not found
Refreshing native plugins compatible for Editor in 0.33 ms, found 0 plugins.
Preloading 0 native plugins for Editor in 0.00 ms.
Invoked RoslynAnalysisRunner static constructor.
RoslynAnalysisRunner will not be running.
RoslynAnalysisRunner has terminated.
Mono: successfully reloaded assembly
- Completed reload, in  1.480 seconds
Platform modules already initialized, skipping
Refreshing native plugins compatible for Editor in 0.30 ms, found 0 plugins.
Preloading 0 native plugins for Editor in 0.00 ms.
Unloading 1162 Unused Serialized files (Serialized files now loaded: 0)
System memory in use before: 64.7 MB.
System memory in use after: 64.8 MB.

Unloading 4 unused Assets to reduce memory usage. Loaded Objects now: 1617.
Total: 57.843300 ms (FindLiveObjects: 0.320500 ms CreateObjectMapping: 0.089500 ms MarkObjects: 45.096100 ms  DeleteObjects: 12.334300 ms)

========================================================================
Received Prepare
Registering precompiled user dll's ...
Registered in 0.001457 seconds.
Begin MonoManager ReloadAssembly
Native extension for WindowsStandalone target not found
Native extension for WebGL target not found
Refreshing native plugins compatible for Editor in 0.47 ms, found 0 plugins.
Preloading 0 native plugins for Editor in 0.00 ms.
Invoked RoslynAnalysisRunner static constructor.
RoslynAnalysisRunner will not be running.
RoslynAnalysisRunner has terminated.
Mono: successfully reloaded assembly
- Completed reload, in  1.532 seconds
Platform modules already initialized, skipping
Refreshing native plugins compatible for Editor in 0.36 ms, found 0 plugins.
Preloading 0 native plugins for Editor in 0.00 ms.
Unloading 1162 Unused Serialized files (Serialized files now loaded: 0)
System memory in use before: 64.7 MB.
System memory in use after: 64.8 MB.

Unloading 4 unused Assets to reduce memory usage. Loaded Objects now: 1619.
Total: 2.471600 ms (FindLiveObjects: 0.350400 ms CreateObjectMapping: 0.072400 ms MarkObjects: 2.017400 ms  DeleteObjects: 0.028500 ms)

========================================================================
Received Import Request.
  Time since last request: 6459.383432 seconds.
  path: Assets/_Scripts
  artifactKey: Guid(3e14bb00e510bf043832f9a58de1f5e2) Importer(815301076,1909f56bfc062723c751e8b465ee728b)
Start importing Assets/_Scripts using Guid(3e14bb00e510bf043832f9a58de1f5e2) Importer(815301076,1909f56bfc062723c751e8b465ee728b)  -> (artifact id: 'ab2a309a7dc3057f716ffccc7ffc363c') in 0.017526 seconds
  Import took 0.043872 seconds .

========================================================================
Received Import Request.
  Time since last request: 2.089165 seconds.
  path: Assets/_Scripts
  artifactKey: Guid(3e14bb00e510bf043832f9a58de1f5e2) Importer(815301076,1909f56bfc062723c751e8b465ee728b)
Start importing Assets/_Scripts using Guid(3e14bb00e510bf043832f9a58de1f5e2) Importer(815301076,1909f56bfc062723c751e8b465ee728b)  -> (artifact id: 'ab2a309a7dc3057f716ffccc7ffc363c') in 0.002870 seconds
  Import took 0.013156 seconds .

========================================================================
Received Import Request.
  Time since last request: 10.042180 seconds.
  path: Assets/_Scripts/ControlPanel.cs
  artifactKey: Guid(0c52e42a3fdd8f844a6d70265b8326b0) Importer(815301076,1909f56bfc062723c751e8b465ee728b)
Start importing Assets/_Scripts/ControlPanel.cs using Guid(0c52e42a3fdd8f844a6d70265b8326b0) Importer(815301076,1909f56bfc062723c751e8b465ee728b)  -> (artifact id: 'bf41a3abef400c53f8e856ed78ed1411') in 0.638725 seconds
  Import took 0.674985 seconds .

========================================================================
Received Prepare
Registering precompiled user dll's ...
Registered in 0.001851 seconds.
Begin MonoManager ReloadAssembly
Native extension for WindowsStandalone target not found
Native extension for WebGL target not found
Refreshing native plugins compatible for Editor in 1.19 ms, found 0 plugins.
Preloading 0 native plugins for Editor in 0.00 ms.
Invoked RoslynAnalysisRunner static constructor.
RoslynAnalysisRunner will not be running.
RoslynAnalysisRunner has terminated.
Mono: successfully reloaded assembly
- Completed reload, in  2.193 seconds
Platform modules already initialized, skipping
Refreshing native plugins compatible for Editor in 0.66 ms, found 0 plugins.
Preloading 0 native plugins for Editor in 0.00 ms.
Unloading 1163 Unused Serialized files (Serialized files now loaded: 0)
System memory in use before: 64.8 MB.
System memory in use after: 64.9 MB.

Unloading 4 unused Assets to reduce memory usage. Loaded Objects now: 1622.
Total: 2.591400 ms (FindLiveObjects: 0.258800 ms CreateObjectMapping: 0.072000 ms MarkObjects: 2.237400 ms  DeleteObjects: 0.021800 ms)

========================================================================
Received Import Request.
  Time since last request: 1638.642626 seconds.
  path: Assets/_Scripts/PlayerBehaviour.cs
  artifactKey: Guid(3c9a79c64b6674f42946708769877777) Importer(815301076,1909f56bfc062723c751e8b465ee728b)
Start importing Assets/_Scripts/PlayerBehaviour.cs using Guid(3c9a79c64b6674f42946708769877777) Importer(815301076,1909f56bfc062723c751e8b465ee728b)  -> (artifact id: 'fabca8bf4587930e7c77ee32f2285583') in 0.007295 seconds
  Import took 0.010975 seconds .

========================================================================
Received Import Request.
  Time since last request: 0.051682 seconds.
  path: Assets/_Scripts/PlayerBehaviour.cs
  artifactKey: Guid(3c9a79c64b6674f42946708769877777) Importer(815301076,1909f56bfc062723c751e8b465ee728b)
Start importing Assets/_Scripts/PlayerBehaviour.cs using Guid(3c9a79c64b6674f42946708769877777) Importer(815301076,1909f56bfc062723c751e8b465ee728b)  -> (artifact id: 'fabca8bf4587930e7c77ee32f2285583') in 0.002747 seconds
  Import took 0.005980 seconds .

========================================================================
Received Import Request.
  Time since last request: 0.654607 seconds.
  path: Assets/_Scripts/LevelController.cs
  artifactKey: Guid(f081d116d89739640b9e51e5887b79ca) Importer(815301076,1909f56bfc062723c751e8b465ee728b)
Start importing Assets/_Scripts/LevelController.cs using Guid(f081d116d89739640b9e51e5887b79ca) Importer(815301076,1909f56bfc062723c751e8b465ee728b)  -> (artifact id: '011f9ee81732fbddc62366f1d82ee952') in 0.005868 seconds
  Import took 0.009644 seconds .

========================================================================
Received Import Request.
  Time since last request: 0.004416 seconds.
  path: Assets/_Scripts/LevelController.cs
  artifactKey: Guid(f081d116d89739640b9e51e5887b79ca) Importer(815301076,1909f56bfc062723c751e8b465ee728b)
Start importing Assets/_Scripts/LevelController.cs using Guid(f081d116d89739640b9e51e5887b79ca) Importer(815301076,1909f56bfc062723c751e8b465ee728b)  -> (artifact id: '011f9ee81732fbddc62366f1d82ee952') in 0.013381 seconds
  Import took 0.017669 seconds .

========================================================================
Received Import Request.
  Time since last request: 0.393632 seconds.
  path: Assets/_Scripts/HealthBar.cs
  artifactKey: Guid(c36d5f68508c2f944bca873b612a4a6b) Importer(815301076,1909f56bfc062723c751e8b465ee728b)
Start importing Assets/_Scripts/HealthBar.cs using Guid(c36d5f68508c2f944bca873b612a4a6b) Importer(815301076,1909f56bfc062723c751e8b465ee728b)  -> (artifact id: '3280e5a0533961391e1690063dbab818') in 0.005173 seconds
  Import took 0.009096 seconds .

========================================================================
Received Import Request.
  Time since last request: 0.015632 seconds.
  path: Assets/_Scripts/HealthBar.cs
  artifactKey: Guid(c36d5f68508c2f944bca873b612a4a6b) Importer(815301076,1909f56bfc062723c751e8b465ee728b)
Start importing Assets/_Scripts/HealthBar.cs using Guid(c36d5f68508c2f944bca873b612a4a6b) Importer(815301076,1909f56bfc062723c751e8b465ee728b)  -> (artifact id: '3280e5a0533961391e1690063dbab818') in 0.003773 seconds
  Import took 0.006952 seconds .

========================================================================
Received Import Request.
  Time since last request: 0.404518 seconds.
  path: Assets/_Scripts/EnemyBehaviour.cs
  artifactKey: Guid(6e705e2e99db8da4b9df9559ec0c300d) Importer(815301076,1909f56bfc062723c751e8b465ee728b)
Start importing Assets/_Scripts/EnemyBehaviour.cs using Guid(6e705e2e99db8da4b9df9559ec0c300d) Importer(815301076,1909f56bfc062723c751e8b465ee728b)  -> (artifact id: '0b33f8f3661659a81da41498fc49d363') in 0.005123 seconds
  Import took 0.009778 seconds .

========================================================================
Received Import Request.
  Time since last request: 0.027402 seconds.
  path: Assets/_Scripts/EnemyBehaviour.cs
  artifactKey: Guid(6e705e2e99db8da4b9df9559ec0c300d) Importer(815301076,1909f56bfc062723c751e8b465ee728b)
Start importing Assets/_Scripts/EnemyBehaviour.cs using Guid(6e705e2e99db8da4b9df9559ec0c300d) Importer(815301076,1909f56bfc062723c751e8b465ee728b)  -> (artifact id: '0b33f8f3661659a81da41498fc49d363') in 0.003474 seconds
  Import took 0.007369 seconds .

========================================================================
Received Import Request.
  Time since last request: 0.474261 seconds.
  path: Assets/_Scripts/GameController.cs
  artifactKey: Guid(1d788596af9887c498195dece1e249be) Importer(815301076,1909f56bfc062723c751e8b465ee728b)
Start importing Assets/_Scripts/GameController.cs using Guid(1d788596af9887c498195dece1e249be) Importer(815301076,1909f56bfc062723c751e8b465ee728b)  -> (artifact id: 'daf5d63a4f8cb9cc436ac3cd3683cf47') in 0.005071 seconds
  Import took 0.008139 seconds .

========================================================================
Received Import Request.
  Time since last request: 0.000636 seconds.
  path: Assets/_Scripts/GameController.cs
  artifactKey: Guid(1d788596af9887c498195dece1e249be) Importer(815301076,1909f56bfc062723c751e8b465ee728b)
Start importing Assets/_Scripts/GameController.cs using Guid(1d788596af9887c498195dece1e249be) Importer(815301076,1909f56bfc062723c751e8b465ee728b)  -> (artifact id: 'daf5d63a4f8cb9cc436ac3cd3683cf47') in 0.004483 seconds
  Import took 0.007532 seconds .

========================================================================
Received Import Request.
  Time since last request: 0.829073 seconds.
  path: Assets/_Scripts/DeathPlaneController.cs
  artifactKey: Guid(95e00eeb34af85c4a845cb6770c61e42) Importer(815301076,1909f56bfc062723c751e8b465ee728b)
Start importing Assets/_Scripts/DeathPlaneController.cs using Guid(95e00eeb34af85c4a845cb6770c61e42) Importer(815301076,1909f56bfc062723c751e8b465ee728b)  -> (artifact id: '85f6d72b16d79624d03fd12bacd372aa') in 0.003602 seconds
  Import took 0.021315 seconds .

========================================================================
Received Prepare
Registering precompiled user dll's ...
Registered in 0.001682 seconds.
Begin MonoManager ReloadAssembly
Native extension for WindowsStandalone target not found
Native extension for WebGL target not found
Refreshing native plugins compatible for Editor in 0.31 ms, found 0 plugins.
Preloading 0 native plugins for Editor in 0.00 ms.
Invoked RoslynAnalysisRunner static constructor.
RoslynAnalysisRunner will not be running.
RoslynAnalysisRunner has terminated.
Mono: successfully reloaded assembly
- Completed reload, in  1.534 seconds
Platform modules already initialized, skipping
Refreshing native plugins compatible for Editor in 0.34 ms, found 0 plugins.
Preloading 0 native plugins for Editor in 0.00 ms.
Unloading 1163 Unused Serialized files (Serialized files now loaded: 0)
System memory in use before: 64.8 MB.
System memory in use after: 64.9 MB.

Unloading 4 unused Assets to reduce memory usage. Loaded Objects now: 1624.
Total: 2.502300 ms (FindLiveObjects: 0.286200 ms CreateObjectMapping: 0.094100 ms MarkObjects: 2.092500 ms  DeleteObjects: 0.027600 ms)

========================================================================
Received Prepare
Registering precompiled user dll's ...
Registered in 0.001310 seconds.
Begin MonoManager ReloadAssembly
Native extension for WindowsStandalone target not found
Native extension for WebGL target not found
Refreshing native plugins compatible for Editor in 0.40 ms, found 0 plugins.
Preloading 0 native plugins for Editor in 0.00 ms.
Invoked RoslynAnalysisRunner static constructor.
RoslynAnalysisRunner will not be running.
RoslynAnalysisRunner has terminated.
Mono: successfully reloaded assembly
- Completed reload, in  1.647 seconds
Platform modules already initialized, skipping
Refreshing native plugins compatible for Editor in 0.56 ms, found 0 plugins.
Preloading 0 native plugins for Editor in 0.00 ms.
Unloading 1163 Unused Serialized files (Serialized files now loaded: 0)
System memory in use before: 64.8 MB.
System memory in use after: 64.9 MB.

Unloading 4 unused Assets to reduce memory usage. Loaded Objects now: 1626.
Total: 2.451700 ms (FindLiveObjects: 0.179200 ms CreateObjectMapping: 0.053100 ms MarkObjects: 2.191300 ms  DeleteObjects: 0.024000 ms)

========================================================================
Received Prepare
Registering precompiled user dll's ...
Registered in 0.001243 seconds.
Begin MonoManager ReloadAssembly
Native extension for WindowsStandalone target not found
Native extension for WebGL target not found
Refreshing native plugins compatible for Editor in 0.39 ms, found 0 plugins.
Preloading 0 native plugins for Editor in 0.00 ms.
Invoked RoslynAnalysisRunner static constructor.
RoslynAnalysisRunner will not be running.
RoslynAnalysisRunner has terminated.
Mono: successfully reloaded assembly
- Completed reload, in  1.802 seconds
Platform modules already initialized, skipping
Refreshing native plugins compatible for Editor in 0.35 ms, found 0 plugins.
Preloading 0 native plugins for Editor in 0.00 ms.
Unloading 1163 Unused Serialized files (Serialized files now loaded: 0)
System memory in use before: 64.8 MB.
System memory in use after: 64.9 MB.

Unloading 4 unused Assets to reduce memory usage. Loaded Objects now: 1628.
Total: 6.099900 ms (FindLiveObjects: 0.330400 ms CreateObjectMapping: 0.136700 ms MarkObjects: 5.598300 ms  DeleteObjects: 0.030700 ms)

========================================================================
Received Prepare
Registering precompiled user dll's ...
Registered in 0.002212 seconds.
Begin MonoManager ReloadAssembly
Native extension for WindowsStandalone target not found
Native extension for WebGL target not found
Refreshing native plugins compatible for Editor in 0.58 ms, found 0 plugins.
Preloading 0 native plugins for Editor in 0.00 ms.
Invoked RoslynAnalysisRunner static constructor.
RoslynAnalysisRunner will not be running.
RoslynAnalysisRunner has terminated.
Mono: successfully reloaded assembly
- Completed reload, in  2.087 seconds
Platform modules already initialized, skipping
Refreshing native plugins compatible for Editor in 0.35 ms, found 0 plugins.
Preloading 0 native plugins for Editor in 0.00 ms.
Unloading 1163 Unused Serialized files (Serialized files now loaded: 0)
System memory in use before: 64.8 MB.
System memory in use after: 64.9 MB.

Unloading 4 unused Assets to reduce memory usage. Loaded Objects now: 1630.
Total: 2.644700 ms (FindLiveObjects: 0.230000 ms CreateObjectMapping: 0.074300 ms MarkObjects: 2.314900 ms  DeleteObjects: 0.023700 ms)

========================================================================
Received Prepare
Registering precompiled user dll's ...
Registered in 0.001673 seconds.
Begin MonoManager ReloadAssembly
Native extension for WindowsStandalone target not found
Native extension for WebGL target not found
Refreshing native plugins compatible for Editor in 0.35 ms, found 0 plugins.
Preloading 0 native plugins for Editor in 0.00 ms.
Invoked RoslynAnalysisRunner static constructor.
RoslynAnalysisRunner will not be running.
RoslynAnalysisRunner has terminated.
Mono: successfully reloaded assembly
- Completed reload, in  1.870 seconds
Platform modules already initialized, skipping
Refreshing native plugins compatible for Editor in 0.56 ms, found 0 plugins.
Preloading 0 native plugins for Editor in 0.00 ms.
Unloading 1163 Unused Serialized files (Serialized files now loaded: 0)
System memory in use before: 64.8 MB.
System memory in use after: 64.9 MB.

Unloading 4 unused Assets to reduce memory usage. Loaded Objects now: 1632.
Total: 8.462900 ms (FindLiveObjects: 0.515800 ms CreateObjectMapping: 0.314200 ms MarkObjects: 7.576800 ms  DeleteObjects: 0.051500 ms)

========================================================================
Received Prepare
Registering precompiled user dll's ...
Registered in 0.006102 seconds.
Begin MonoManager ReloadAssembly
Native extension for WindowsStandalone target not found
Native extension for WebGL target not found
Refreshing native plugins compatible for Editor in 0.40 ms, found 0 plugins.
Preloading 0 native plugins for Editor in 0.00 ms.
Invoked RoslynAnalysisRunner static constructor.
RoslynAnalysisRunner will not be running.
RoslynAnalysisRunner has terminated.
Mono: successfully reloaded assembly
- Completed reload, in  4.362 seconds
Platform modules already initialized, skipping
Refreshing native plugins compatible for Editor in 0.52 ms, found 0 plugins.
Preloading 0 native plugins for Editor in 0.00 ms.
Unloading 1163 Unused Serialized files (Serialized files now loaded: 0)
System memory in use before: 64.8 MB.
System memory in use after: 64.9 MB.

Unloading 4 unused Assets to reduce memory usage. Loaded Objects now: 1634.
Total: 5.883200 ms (FindLiveObjects: 0.533400 ms CreateObjectMapping: 0.103100 ms MarkObjects: 5.199900 ms  DeleteObjects: 0.044100 ms)

========================================================================
Received Prepare
Registering precompiled user dll's ...
Registered in 0.001854 seconds.
Begin MonoManager ReloadAssembly
Native extension for WindowsStandalone target not found
Native extension for WebGL target not found
Refreshing native plugins compatible for Editor in 0.79 ms, found 0 plugins.
Preloading 0 native plugins for Editor in 0.00 ms.
Invoked RoslynAnalysisRunner static constructor.
RoslynAnalysisRunner will not be running.
RoslynAnalysisRunner has terminated.
Mono: successfully reloaded assembly
- Completed reload, in  2.081 seconds
Platform modules already initialized, skipping
Refreshing native plugins compatible for Editor in 0.49 ms, found 0 plugins.
Preloading 0 native plugins for Editor in 0.00 ms.
Unloading 1163 Unused Serialized files (Serialized files now loaded: 0)
System memory in use before: 64.8 MB.
System memory in use after: 64.9 MB.

Unloading 4 unused Assets to reduce memory usage. Loaded Objects now: 1636.
Total: 3.851400 ms (FindLiveObjects: 0.403100 ms CreateObjectMapping: 0.135600 ms MarkObjects: 3.274400 ms  DeleteObjects: 0.036200 ms)

========================================================================
Received Import Request.
  Time since last request: 2001.886533 seconds.
  path: Assets
  artifactKey: Guid(00000000000000001000000000000000) Importer(815301076,1909f56bfc062723c751e8b465ee728b)
Start importing Assets using Guid(00000000000000001000000000000000) Importer(815301076,1909f56bfc062723c751e8b465ee728b)  -> (artifact id: '653ce283d384579a24208b2e4d727c2a') in 0.025645 seconds
  Import took 0.031976 seconds .

========================================================================
Received Import Request.
  Time since last request: 9.177260 seconds.
  path: Assets/Date
  artifactKey: Guid(e7efd6187f8fe744cbac317e80a16bc9) Importer(815301076,1909f56bfc062723c751e8b465ee728b)
Start importing Assets/Date using Guid(e7efd6187f8fe744cbac317e80a16bc9) Importer(815301076,1909f56bfc062723c751e8b465ee728b)  -> (artifact id: 'f766f2bbbd14d0857bee6dea9dbf4e9c') in 0.006562 seconds
  Import took 0.011859 seconds .

========================================================================
Received Import Request.
  Time since last request: 35.377615 seconds.
  path: Assets/Date/PlayerDateSO.cs
  artifactKey: Guid(a3daa40200efcf94ca0b2a428d218eaa) Importer(815301076,1909f56bfc062723c751e8b465ee728b)
Start importing Assets/Date/PlayerDateSO.cs using Guid(a3daa40200efcf94ca0b2a428d218eaa) Importer(815301076,1909f56bfc062723c751e8b465ee728b)  -> (artifact id: '01fe02c727f43658255699c8eeb71e18') in 0.018560 seconds
  Import took 0.048130 seconds .

========================================================================
Received Import Request.
  Time since last request: 0.006009 seconds.
  path: Assets/Date/PlayerDateSO.cs
  artifactKey: Guid(a3daa40200efcf94ca0b2a428d218eaa) Importer(815301076,1909f56bfc062723c751e8b465ee728b)
Start importing Assets/Date/PlayerDateSO.cs using Guid(a3daa40200efcf94ca0b2a428d218eaa) Importer(815301076,1909f56bfc062723c751e8b465ee728b)  -> (artifact id: '01fe02c727f43658255699c8eeb71e18') in 0.014911 seconds
  Import took 0.031717 seconds .

========================================================================
Received Prepare
Registering precompiled user dll's ...
Registered in 0.001143 seconds.
Begin MonoManager ReloadAssembly
Native extension for WindowsStandalone target not found
Native extension for WebGL target not found
Refreshing native plugins compatible for Editor in 1.60 ms, found 0 plugins.
Preloading 0 native plugins for Editor in 0.00 ms.
Invoked RoslynAnalysisRunner static constructor.
RoslynAnalysisRunner will not be running.
RoslynAnalysisRunner has terminated.
Mono: successfully reloaded assembly
- Completed reload, in  5.386 seconds
Platform modules already initialized, skipping
Refreshing native plugins compatible for Editor in 0.63 ms, found 0 plugins.
Preloading 0 native plugins for Editor in 0.00 ms.
Unloading 1164 Unused Serialized files (Serialized files now loaded: 0)
System memory in use before: 64.8 MB.
System memory in use after: 64.9 MB.

Unloading 4 unused Assets to reduce memory usage. Loaded Objects now: 1639.
Total: 30.518900 ms (FindLiveObjects: 0.643800 ms CreateObjectMapping: 1.114300 ms MarkObjects: 28.713200 ms  DeleteObjects: 0.043400 ms)

========================================================================
Received Prepare
Registering precompiled user dll's ...
Registered in 0.004957 seconds.
Begin MonoManager ReloadAssembly
Native extension for WindowsStandalone target not found
Native extension for WebGL target not found
Refreshing native plugins compatible for Editor in 0.78 ms, found 0 plugins.
Preloading 0 native plugins for Editor in 0.00 ms.
Invoked RoslynAnalysisRunner static constructor.
RoslynAnalysisRunner will not be running.
RoslynAnalysisRunner has terminated.
Mono: successfully reloaded assembly
- Completed reload, in  9.981 seconds
Platform modules already initialized, skipping
Refreshing native plugins compatible for Editor in 88.58 ms, found 0 plugins.
Preloading 0 native plugins for Editor in 0.00 ms.
Unloading 1164 Unused Serialized files (Serialized files now loaded: 0)
System memory in use before: 64.9 MB.
System memory in use after: 65.0 MB.

Unloading 4 unused Assets to reduce memory usage. Loaded Objects now: 1641.
Total: 88.549900 ms (FindLiveObjects: 5.040200 ms CreateObjectMapping: 3.823900 ms MarkObjects: 79.589100 ms  DeleteObjects: 0.091500 ms)

========================================================================
Received Import Request.
  Time since last request: 101.607363 seconds.
  path: Assets/Date/PlayerDataSO.cs
  artifactKey: Guid(a3daa40200efcf94ca0b2a428d218eaa) Importer(815301076,1909f56bfc062723c751e8b465ee728b)
Start importing Assets/Date/PlayerDataSO.cs using Guid(a3daa40200efcf94ca0b2a428d218eaa) Importer(815301076,1909f56bfc062723c751e8b465ee728b)  -> (artifact id: '1b5e237994ba421a345b7097aa06f24d') in 0.080673 seconds
  Import took 0.210940 seconds .

========================================================================
Received Prepare
Registering precompiled user dll's ...
Registered in 0.002704 seconds.
Begin MonoManager ReloadAssembly
Native extension for WindowsStandalone target not found
Native extension for WebGL target not found
Refreshing native plugins compatible for Editor in 0.75 ms, found 0 plugins.
Preloading 0 native plugins for Editor in 0.00 ms.
Invoked RoslynAnalysisRunner static constructor.
RoslynAnalysisRunner will not be running.
RoslynAnalysisRunner has terminated.
Mono: successfully reloaded assembly
- Completed reload, in  4.840 seconds
Platform modules already initialized, skipping
Refreshing native plugins compatible for Editor in 0.67 ms, found 0 plugins.
Preloading 0 native plugins for Editor in 0.00 ms.
Unloading 1164 Unused Serialized files (Serialized files now loaded: 0)
System memory in use before: 64.9 MB.
System memory in use after: 65.0 MB.

Unloading 4 unused Assets to reduce memory usage. Loaded Objects now: 1643.
Total: 5.799500 ms (FindLiveObjects: 0.422700 ms CreateObjectMapping: 0.295800 ms MarkObjects: 5.041400 ms  DeleteObjects: 0.035800 ms)

========================================================================
Received Prepare
Registering precompiled user dll's ...
Registered in 0.001065 seconds.
Begin MonoManager ReloadAssembly
Native extension for WindowsStandalone target not found
Native extension for WebGL target not found
Refreshing native plugins compatible for Editor in 0.32 ms, found 0 plugins.
Preloading 0 native plugins for Editor in 0.00 ms.
Invoked RoslynAnalysisRunner static constructor.
RoslynAnalysisRunner will not be running.
RoslynAnalysisRunner has terminated.
Mono: successfully reloaded assembly
- Completed reload, in  2.000 seconds
Platform modules already initialized, skipping
Refreshing native plugins compatible for Editor in 0.41 ms, found 0 plugins.
Preloading 0 native plugins for Editor in 0.00 ms.
Unloading 1164 Unused Serialized files (Serialized files now loaded: 0)
System memory in use before: 64.9 MB.
System memory in use after: 65.0 MB.

Unloading 4 unused Assets to reduce memory usage. Loaded Objects now: 1645.
Total: 4.904000 ms (FindLiveObjects: 0.874500 ms CreateObjectMapping: 0.305300 ms MarkObjects: 3.694100 ms  DeleteObjects: 0.027300 ms)

========================================================================
Received Import Request.
  Time since last request: 198.548429 seconds.
  path: Assets/Date/PlayerDataSO.cs
  artifactKey: Guid(a3daa40200efcf94ca0b2a428d218eaa) Importer(815301076,1909f56bfc062723c751e8b465ee728b)
Start importing Assets/Date/PlayerDataSO.cs using Guid(a3daa40200efcf94ca0b2a428d218eaa) Importer(815301076,1909f56bfc062723c751e8b465ee728b)  -> (artifact id: '50b570e37a8d1d0faab53cf3e962dd5e') in 0.008200 seconds
  Import took 0.040479 seconds .

========================================================================
Received Import Request.
  Time since last request: 61.826926 seconds.
  path: Assets/Date/PlayerData.asset
  artifactKey: Guid(5f532590cb9c53041bf840388e358bae) Importer(815301076,1909f56bfc062723c751e8b465ee728b)
Start importing Assets/Date/PlayerData.asset using Guid(5f532590cb9c53041bf840388e358bae) Importer(815301076,1909f56bfc062723c751e8b465ee728b)  -> (artifact id: 'c8925b15a40e125982127be23a08ef2e') in 0.066443 seconds
  Import took 0.072997 seconds .

========================================================================
Received Prepare
Registering precompiled user dll's ...
Registered in 0.001304 seconds.
Begin MonoManager ReloadAssembly
Native extension for WindowsStandalone target not found
Native extension for WebGL target not found
Refreshing native plugins compatible for Editor in 0.76 ms, found 0 plugins.
Preloading 0 native plugins for Editor in 0.00 ms.
Invoked RoslynAnalysisRunner static constructor.
RoslynAnalysisRunner will not be running.
RoslynAnalysisRunner has terminated.
Mono: successfully reloaded assembly
- Completed reload, in  3.688 seconds
Platform modules already initialized, skipping
Refreshing native plugins compatible for Editor in 0.36 ms, found 0 plugins.
Preloading 0 native plugins for Editor in 0.00 ms.
Unloading 1164 Unused Serialized files (Serialized files now loaded: 0)
System memory in use before: 64.9 MB.
System memory in use after: 65.0 MB.

Unloading 4 unused Assets to reduce memory usage. Loaded Objects now: 1647.
Total: 7.920000 ms (FindLiveObjects: 0.441800 ms CreateObjectMapping: 1.036700 ms MarkObjects: 6.390500 ms  DeleteObjects: 0.047200 ms)

========================================================================
Received Prepare
Registering precompiled user dll's ...
Registered in 0.001045 seconds.
Begin MonoManager ReloadAssembly
Native extension for WindowsStandalone target not found
Native extension for WebGL target not found
Refreshing native plugins compatible for Editor in 0.46 ms, found 0 plugins.
Preloading 0 native plugins for Editor in 0.00 ms.
Invoked RoslynAnalysisRunner static constructor.
RoslynAnalysisRunner will not be running.
RoslynAnalysisRunner has terminated.
Mono: successfully reloaded assembly
- Completed reload, in  1.701 seconds
Platform modules already initialized, skipping
Refreshing native plugins compatible for Editor in 0.60 ms, found 0 plugins.
Preloading 0 native plugins for Editor in 0.00 ms.
Unloading 1164 Unused Serialized files (Serialized files now loaded: 0)
System memory in use before: 64.9 MB.
System memory in use after: 65.0 MB.

Unloading 4 unused Assets to reduce memory usage. Loaded Objects now: 1649.
Total: 2.795500 ms (FindLiveObjects: 0.248000 ms CreateObjectMapping: 0.070800 ms MarkObjects: 2.448500 ms  DeleteObjects: 0.026000 ms)

========================================================================
Received Prepare
Registering precompiled user dll's ...
Registered in 0.001622 seconds.
Begin MonoManager ReloadAssembly
Native extension for WindowsStandalone target not found
Native extension for WebGL target not found
Refreshing native plugins compatible for Editor in 0.39 ms, found 0 plugins.
Preloading 0 native plugins for Editor in 0.00 ms.
Invoked RoslynAnalysisRunner static constructor.
RoslynAnalysisRunner will not be running.
RoslynAnalysisRunner has terminated.
Mono: successfully reloaded assembly
- Completed reload, in  2.295 seconds
Platform modules already initialized, skipping
Refreshing native plugins compatible for Editor in 0.43 ms, found 0 plugins.
Preloading 0 native plugins for Editor in 0.00 ms.
Unloading 1164 Unused Serialized files (Serialized files now loaded: 0)
System memory in use before: 64.9 MB.
System memory in use after: 65.0 MB.

Unloading 4 unused Assets to reduce memory usage. Loaded Objects now: 1651.
Total: 4.049400 ms (FindLiveObjects: 0.474800 ms CreateObjectMapping: 0.247300 ms MarkObjects: 3.291100 ms  DeleteObjects: 0.033700 ms)

========================================================================
Received Prepare
Registering precompiled user dll's ...
Registered in 0.001008 seconds.
Begin MonoManager ReloadAssembly
Native extension for WindowsStandalone target not found
Native extension for WebGL target not found
Refreshing native plugins compatible for Editor in 0.34 ms, found 0 plugins.
Preloading 0 native plugins for Editor in 0.00 ms.
Invoked RoslynAnalysisRunner static constructor.
RoslynAnalysisRunner will not be running.
RoslynAnalysisRunner has terminated.
Mono: successfully reloaded assembly
- Completed reload, in  1.769 seconds
Platform modules already initialized, skipping
Refreshing native plugins compatible for Editor in 0.34 ms, found 0 plugins.
Preloading 0 native plugins for Editor in 0.00 ms.
Unloading 1164 Unused Serialized files (Serialized files now loaded: 0)
System memory in use before: 64.9 MB.
System memory in use after: 65.0 MB.

Unloading 4 unused Assets to reduce memory usage. Loaded Objects now: 1653.
Total: 2.378200 ms (FindLiveObjects: 0.268400 ms CreateObjectMapping: 0.063800 ms MarkObjects: 2.017800 ms  DeleteObjects: 0.025800 ms)

========================================================================
Received Prepare
Registering precompiled user dll's ...
Registered in 0.001461 seconds.
Begin MonoManager ReloadAssembly
Native extension for WindowsStandalone target not found
Native extension for WebGL target not found
Refreshing native plugins compatible for Editor in 0.31 ms, found 0 plugins.
Preloading 0 native plugins for Editor in 0.00 ms.
Invoked RoslynAnalysisRunner static constructor.
RoslynAnalysisRunner will not be running.
RoslynAnalysisRunner has terminated.
Mono: successfully reloaded assembly
- Completed reload, in  1.964 seconds
Platform modules already initialized, skipping
Refreshing native plugins compatible for Editor in 0.49 ms, found 0 plugins.
Preloading 0 native plugins for Editor in 0.00 ms.
Unloading 1164 Unused Serialized files (Serialized files now loaded: 0)
System memory in use before: 64.9 MB.
System memory in use after: 65.0 MB.

Unloading 4 unused Assets to reduce memory usage. Loaded Objects now: 1655.
Total: 3.869800 ms (FindLiveObjects: 0.396500 ms CreateObjectMapping: 0.134700 ms MarkObjects: 3.304500 ms  DeleteObjects: 0.031000 ms)

========================================================================
Received Prepare
Registering precompiled user dll's ...
Registered in 0.000879 seconds.
Begin MonoManager ReloadAssembly
Native extension for WindowsStandalone target not found
Native extension for WebGL target not found
Refreshing native plugins compatible for Editor in 0.52 ms, found 0 plugins.
Preloading 0 native plugins for Editor in 0.00 ms.
Invoked RoslynAnalysisRunner static constructor.
RoslynAnalysisRunner will not be running.
RoslynAnalysisRunner has terminated.
Mono: successfully reloaded assembly
- Completed reload, in  1.802 seconds
Platform modules already initialized, skipping
Refreshing native plugins compatible for Editor in 0.41 ms, found 0 plugins.
Preloading 0 native plugins for Editor in 0.00 ms.
Unloading 1164 Unused Serialized files (Serialized files now loaded: 0)
System memory in use before: 64.9 MB.
System memory in use after: 65.0 MB.

Unloading 4 unused Assets to reduce memory usage. Loaded Objects now: 1657.
Total: 6.538200 ms (FindLiveObjects: 0.532000 ms CreateObjectMapping: 0.113900 ms MarkObjects: 5.845100 ms  DeleteObjects: 0.042400 ms)

========================================================================
Received Prepare
Registering precompiled user dll's ...
Registered in 0.000863 seconds.
Begin MonoManager ReloadAssembly
Native extension for WindowsStandalone target not found
Native extension for WebGL target not found
Refreshing native plugins compatible for Editor in 0.40 ms, found 0 plugins.
Preloading 0 native plugins for Editor in 0.00 ms.
Invoked RoslynAnalysisRunner static constructor.
RoslynAnalysisRunner will not be running.
RoslynAnalysisRunner has terminated.
Mono: successfully reloaded assembly
- Completed reload, in  2.307 seconds
Platform modules already initialized, skipping
Refreshing native plugins compatible for Editor in 0.65 ms, found 0 plugins.
Preloading 0 native plugins for Editor in 0.00 ms.
Unloading 1164 Unused Serialized files (Serialized files now loaded: 0)
System memory in use before: 64.9 MB.
System memory in use after: 65.0 MB.

Unloading 4 unused Assets to reduce memory usage. Loaded Objects now: 1659.
Total: 4.782700 ms (FindLiveObjects: 0.306300 ms CreateObjectMapping: 0.117600 ms MarkObjects: 4.320700 ms  DeleteObjects: 0.035200 ms)

AssetImportWorkerClient::OnTransportError - code=2 error=End of file
